1475393628.541800 client started (73391): socket /private/tmp/tmux-502/default, protocol 8
1475393628.541847 on Darwin 16.0.0 Darwin Kernel Version 16.0.0: Mon Aug 29 17:56:20 PDT 2016; root:xnu-3789.1.32~3/RELEASE_X86_64; libevent 2.0.22-stable (poll)
1475393628.541915 socket is /private/tmp/tmux-502/default
1475393628.541937 trying connect
1475393628.542040 add peer 0x7fa6e1819400: 6 (0x0)
1475393628.542966 sending message 100 to peer 0x7fa6e1819400 (4 bytes)
1475393628.542990 sending message 101 to peer 0x7fa6e1819400 (16 bytes)
1475393628.542995 sending message 102 to peer 0x7fa6e1819400 (13 bytes)
1475393628.542998 sending message 108 to peer 0x7fa6e1819400 (50 bytes)
1475393628.543014 sending message 104 to peer 0x7fa6e1819400 (0 bytes)
1475393628.543018 sending message 107 to peer 0x7fa6e1819400 (4 bytes)
1475393628.543021 sending message 105 to peer 0x7fa6e1819400 (62 bytes)
1475393628.543025 sending message 105 to peer 0x7fa6e1819400 (76 bytes)
1475393628.543028 sending message 105 to peer 0x7fa6e1819400 (54 bytes)
1475393628.543032 sending message 105 to peer 0x7fa6e1819400 (54 bytes)
1475393628.543035 sending message 105 to peer 0x7fa6e1819400 (106 bytes)
1475393628.543038 sending message 105 to peer 0x7fa6e1819400 (29 bytes)
1475393628.543042 sending message 105 to peer 0x7fa6e1819400 (74 bytes)
1475393628.543045 sending message 105 to peer 0x7fa6e1819400 (17 bytes)
1475393628.543048 sending message 105 to peer 0x7fa6e1819400 (25 bytes)
1475393628.543052 sending message 105 to peer 0x7fa6e1819400 (608 bytes)
1475393628.543055 sending message 105 to peer 0x7fa6e1819400 (54 bytes)
1475393628.543058 sending message 105 to peer 0x7fa6e1819400 (24 bytes)
1475393628.543061 sending message 105 to peer 0x7fa6e1819400 (26 bytes)
1475393628.543065 sending message 105 to peer 0x7fa6e1819400 (8 bytes)
1475393628.543068 sending message 105 to peer 0x7fa6e1819400 (66 bytes)
1475393628.543071 sending message 105 to peer 0x7fa6e1819400 (21 bytes)
1475393628.543074 sending message 105 to peer 0x7fa6e1819400 (28 bytes)
1475393628.543078 sending message 105 to peer 0x7fa6e1819400 (25 bytes)
1475393628.543081 sending message 105 to peer 0x7fa6e1819400 (53 bytes)
1475393628.543084 sending message 105 to peer 0x7fa6e1819400 (57 bytes)
1475393628.543087 sending message 105 to peer 0x7fa6e1819400 (42 bytes)
1475393628.543090 sending message 105 to peer 0x7fa6e1819400 (13 bytes)
1475393628.543094 sending message 105 to peer 0x7fa6e1819400 (64 bytes)
1475393628.543097 sending message 105 to peer 0x7fa6e1819400 (54 bytes)
1475393628.543100 sending message 105 to peer 0x7fa6e1819400 (22 bytes)
1475393628.543103 sending message 105 to peer 0x7fa6e1819400 (44 bytes)
1475393628.543107 sending message 105 to peer 0x7fa6e1819400 (60 bytes)
1475393628.543110 sending message 105 to peer 0x7fa6e1819400 (54 bytes)
1475393628.543113 sending message 105 to peer 0x7fa6e1819400 (58 bytes)
1475393628.543116 sending message 105 to peer 0x7fa6e1819400 (54 bytes)
1475393628.543119 sending message 105 to peer 0x7fa6e1819400 (52 bytes)
1475393628.543123 sending message 105 to peer 0x7fa6e1819400 (14 bytes)
1475393628.543126 sending message 105 to peer 0x7fa6e1819400 (19 bytes)
1475393628.543129 sending message 105 to peer 0x7fa6e1819400 (38 bytes)
1475393628.543132 sending message 105 to peer 0x7fa6e1819400 (46 bytes)
1475393628.543136 sending message 105 to peer 0x7fa6e1819400 (18 bytes)
1475393628.543139 sending message 105 to peer 0x7fa6e1819400 (38 bytes)
1475393628.543142 sending message 105 to peer 0x7fa6e1819400 (35 bytes)
1475393628.543145 sending message 105 to peer 0x7fa6e1819400 (27 bytes)
1475393628.543148 sending message 105 to peer 0x7fa6e1819400 (26 bytes)
1475393628.543152 sending message 106 to peer 0x7fa6e1819400 (0 bytes)
1475393628.543158 sending message 200 to peer 0x7fa6e1819400 (4 bytes)
1475393628.543161 client loop enter
1475393628.544978 peer 0x7fa6e1819400 message 211
1475393628.545009 peer 0x7fa6e1819400 message 203
1475393628.545017 client loop exit
